<?xml version="1.0" encoding="UTF-8" ?>
<testsuite failures="0" time="0.046" errors="0" skipped="0" tests="1" name="CoreTest">
  <properties>
    <property name="java.runtime.name" value="Java(TM) SE Runtime Environment"/>
    <property name="sun.boot.library.path" value="C:\Program Files (x86)\Java\jdk1.6.0_03\jre\bin"/>
    <property name="java.vm.version" value="1.6.0_03-b05"/>
    <property name="java.vm.vendor" value="Sun Microsystems Inc."/>
    <property name="java.vendor.url" value="http://java.sun.com/"/>
    <property name="path.separator" value=";"/>
    <property name="java.vm.name" value="Java HotSpot(TM) Client VM"/>
    <property name="file.encoding.pkg" value="sun.io"/>
    <property name="user.country" value="CN"/>
    <property name="sun.java.launcher" value="SUN_STANDARD"/>
    <property name="sun.os.patch.level" value=""/>
    <property name="java.vm.specification.name" value="Java Virtual Machine Specification"/>
    <property name="user.dir" value="E:\workspace\message-board\core"/>
    <property name="java.runtime.version" value="1.6.0_03-b05"/>
    <property name="java.awt.graphicsenv" value="sun.awt.Win32GraphicsEnvironment"/>
    <property name="basedir" value="E:\workspace\message-board\core"/>
    <property name="java.endorsed.dirs" value="C:\Program Files (x86)\Java\jdk1.6.0_03\jre\lib\endorsed"/>
    <property name="os.arch" value="x86"/>
    <property name="surefire.real.class.path" value="E:\workspace\message-board\core\target\surefire\surefirebooter58317.jar"/>
    <property name="java.io.tmpdir" value="C:\Users\段浩伟\AppData\Local\Temp\"/>
    <property name="line.separator" value="
"/>
    <property name="java.vm.specification.vendor" value="Sun Microsystems Inc."/>
    <property name="user.variant" value=""/>
    <property name="os.name" value="Windows Vista"/>
    <property name="sun.jnu.encoding" value="GBK"/>
    <property name="java.library.path" value="C:\Program Files (x86)\Java\jdk1.6.0_03\jre\bin;.;C:\Windows\Sun\Java\bin;C:\Windows\system32;C:\Windows;C:\Windows\system32;C:\Windows;C:\Windows\System32\Wbem;C:\Windows\System32\WindowsPowerShell\v1.0\;C:\Program Files (x86)\Common Files\Thunder Network\KanKan\Codecs;C:\Program Files (x86)\Common Files\Ulead Systems\MPEG;C:\Program Files (x86)\Rational\common;G:\program files\T58KTV\9158VirtualCamera\Package\bpl;G:\program files\T58KTV\9158VirtualCamera\bin;C:\Program Files (x86)\Java\jdk1.6.0_03\bin;C:\Program Files (x86)\apache-tomcat-6.0.20\bin;E:\apache-maven-3.0.3\bin"/>
    <property name="surefire.test.class.path" value="E:\workspace\message-board\core\target\test-classes;E:\workspace\message-board\core\target\classes;C:\Users\段浩伟\.m2\repository\org\appfuse\appfuse-service\2.0.2\appfuse-service-2.0.2.jar;C:\Users\段浩伟\.m2\repository\org\aspectj\aspectjweaver\1.6.0\aspectjweaver-1.6.0.jar;C:\Users\段浩伟\.m2\repository\org\aspectj\aspectjrt\1.6.0\aspectjrt-1.6.0.jar;C:\Users\段浩伟\.m2\repository\net\sf\ehcache\ehcache\1.4.1\ehcache-1.4.1.jar;C:\Users\段浩伟\.m2\repository\net\sf\jsr107cache\jsr107cache\1.0\jsr107cache-1.0.jar;C:\Users\段浩伟\.m2\repository\backport-util-concurrent\backport-util-concurrent\3.1\backport-util-concurrent-3.1.jar;C:\Users\段浩伟\.m2\repository\javax\mail\mail\1.4\mail-1.4.jar;C:\Users\段浩伟\.m2\repository\javax\activation\activation\1.1\activation-1.1.jar;C:\Users\段浩伟\.m2\repository\velocity\velocity\1.4\velocity-1.4.jar;C:\Users\段浩伟\.m2\repository\velocity\velocity-dep\1.4\velocity-dep-1.4.jar;C:\Users\段浩伟\.m2\repository\org\codehaus\xfire\xfire-java5\1.2.6\xfire-java5-1.2.6.jar;C:\Users\段浩伟\.m2\repository\org\codehaus\xfire\xfire-aegis\1.2.6\xfire-aegis-1.2.6.jar;C:\Users\段浩伟\.m2\repository\net\java\dev\stax-utils\stax-utils\20040917\stax-utils-20040917.jar;C:\Users\段浩伟\.m2\repository\org\codehaus\xfire\xfire-annotations\1.2.6\xfire-annotations-1.2.6.jar;C:\Users\段浩伟\.m2\repository\xfire\xfire-jsr181-api\1.0-M1\xfire-jsr181-api-1.0-M1.jar;C:\Users\段浩伟\.m2\repository\org\codehaus\xfire\xfire-core\1.2.6\xfire-core-1.2.6.jar;C:\Users\段浩伟\.m2\repository\wsdl4j\wsdl4j\1.6.1\wsdl4j-1.6.1.jar;C:\Users\段浩伟\.m2\repository\stax\stax-api\1.0.1\stax-api-1.0.1.jar;C:\Users\段浩伟\.m2\repository\commons-codec\commons-codec\1.3\commons-codec-1.3.jar;C:\Users\段浩伟\.m2\repository\org\codehaus\woodstox\wstx-asl\3.2.0\wstx-asl-3.2.0.jar;C:\Users\段浩伟\.m2\repository\jdom\jdom\1.0\jdom-1.0.jar;C:\Users\段浩伟\.m2\repository\commons-httpclient\commons-httpclient\3.0\commons-httpclient-3.0.jar;C:\Users\段浩伟\.m2\repository\org\codehaus\xfire\xfire-spring\1.2.6\xfire-spring-1.2.6.jar;C:\Users\段浩伟\.m2\repository\org\apache\xbean\xbean-spring\2.8\xbean-spring-2.8.jar;C:\Users\段浩伟\.m2\repository\org\codehaus\xfire\xfire-xmlbeans\1.2.6\xfire-xmlbeans-1.2.6.jar;C:\Users\段浩伟\.m2\repository\xmlbeans\xbean\2.2.0\xbean-2.2.0.jar;C:\Users\段浩伟\.m2\repository\org\springframework\spring-aop\2.5.4\spring-aop-2.5.4.jar;C:\Users\段浩伟\.m2\repository\aopalliance\aopalliance\1.0\aopalliance-1.0.jar;C:\Users\段浩伟\.m2\repository\org\springframework\spring-beans\2.5.4\spring-beans-2.5.4.jar;C:\Users\段浩伟\.m2\repository\org\springframework\spring-core\2.5.4\spring-core-2.5.4.jar;C:\Users\段浩伟\.m2\repository\org\springframework\spring-aspects\2.5.4\spring-aspects-2.5.4.jar;C:\Users\段浩伟\.m2\repository\org\springframework\spring-context-support\2.5.4\spring-context-support-2.5.4.jar;C:\Users\段浩伟\.m2\repository\org\springframework\spring-context\2.5.4\spring-context-2.5.4.jar;C:\Users\段浩伟\.m2\repository\commons-lang\commons-lang\2.3\commons-lang-2.3.jar;C:\Users\段浩伟\.m2\repository\org\springframework\security\spring-security-core-tiger\2.0.1\spring-security-core-tiger-2.0.1.jar;C:\Users\段浩伟\.m2\repository\org\springframework\security\spring-security-core\2.0.1\spring-security-core-2.0.1.jar;C:\Users\段浩伟\.m2\repository\log4j\log4j\1.2.13\log4j-1.2.13.jar;C:\Users\段浩伟\.m2\repository\org\appfuse\appfuse-hibernate\2.0.2\appfuse-hibernate-2.0.2.jar;C:\Users\段浩伟\.m2\repository\org\appfuse\appfuse-data-common\2.0.2\appfuse-data-common-2.0.2.jar;C:\Users\段浩伟\.m2\repository\javax\persistence\persistence-api\1.0\persistence-api-1.0.jar;C:\Users\段浩伟\.m2\repository\org\hibernate\hibernate\3.2.6.ga\hibernate-3.2.6.ga.jar;C:\Users\段浩伟\.m2\repository\javax\transaction\jta\1.0.1B\jta-1.0.1B.jar;C:\Users\段浩伟\.m2\repository\asm\asm-attrs\1.5.3\asm-attrs-1.5.3.jar;C:\Users\段浩伟\.m2\repository\dom4j\dom4j\1.6.1\dom4j-1.6.1.jar;C:\Users\段浩伟\.m2\repository\antlr\antlr\2.7.6\antlr-2.7.6.jar;C:\Users\段浩伟\.m2\repository\cglib\cglib\2.1_3\cglib-2.1_3.jar;C:\Users\段浩伟\.m2\repository\asm\asm\1.5.3\asm-1.5.3.jar;C:\Users\段浩伟\.m2\repository\org\hibernate\hibernate-annotations\3.3.0.ga\hibernate-annotations-3.3.0.ga.jar;C:\Users\段浩伟\.m2\repository\org\hibernate\hibernate-commons-annotations\3.3.0.ga\hibernate-commons-annotations-3.3.0.ga.jar;C:\Users\段浩伟\.m2\repository\commons-collections\commons-collections\3.2\commons-collections-3.2.jar;C:\Users\段浩伟\.m2\repository\commons-beanutils\commons-beanutils\1.7.0\commons-beanutils-1.7.0.jar;C:\Users\段浩伟\.m2\repository\org\springframework\spring-jdbc\2.5.4\spring-jdbc-2.5.4.jar;C:\Users\段浩伟\.m2\repository\org\springframework\spring-tx\2.5.4\spring-tx-2.5.4.jar;C:\Users\段浩伟\.m2\repository\org\springframework\spring-orm\2.5.4\spring-orm-2.5.4.jar;C:\Users\段浩伟\.m2\repository\mysql\mysql-connector-java\5.0.5\mysql-connector-java-5.0.5.jar;C:\Users\段浩伟\.m2\repository\org\jmock\jmock\2.4.0\jmock-2.4.0.jar;C:\Users\段浩伟\.m2\repository\org\hamcrest\hamcrest-core\1.1\hamcrest-core-1.1.jar;C:\Users\段浩伟\.m2\repository\org\hamcrest\hamcrest-library\1.1\hamcrest-library-1.1.jar;C:\Users\段浩伟\.m2\repository\org\jmock\jmock-junit4\2.4.0\jmock-junit4-2.4.0.jar;C:\Users\段浩伟\.m2\repository\junit\junit-dep\4.4\junit-dep-4.4.jar;C:\Users\段浩伟\.m2\repository\junit\junit\4.4\junit-4.4.jar;C:\Users\段浩伟\.m2\repository\org\springframework\spring-test\2.5.4\spring-test-2.5.4.jar;C:\Users\段浩伟\.m2\repository\commons-logging\commons-logging\1.1.1\commons-logging-1.1.1.jar;C:\Users\段浩伟\.m2\repository\org\subethamail\subethasmtp-wiser\1.2\subethasmtp-wiser-1.2.jar;C:\Users\段浩伟\.m2\repository\org\subethamail\subethasmtp-smtp\1.2\subethasmtp-smtp-1.2.jar;"/>
    <property name="java.specification.name" value="Java Platform API Specification"/>
    <property name="java.class.version" value="50.0"/>
    <property name="sun.management.compiler" value="HotSpot Client Compiler"/>
    <property name="os.version" value="6.1"/>
    <property name="user.home" value="C:\Users\段浩伟"/>
    <property name="user.timezone" value=""/>
    <property name="java.awt.printerjob" value="sun.awt.windows.WPrinterJob"/>
    <property name="java.specification.version" value="1.6"/>
    <property name="file.encoding" value="GBK"/>
    <property name="user.name" value="段浩伟"/>
    <property name="java.class.path" value="E:\workspace\message-board\core\target\test-classes;E:\workspace\message-board\core\target\classes;C:\Users\段浩伟\.m2\repository\org\appfuse\appfuse-service\2.0.2\appfuse-service-2.0.2.jar;C:\Users\段浩伟\.m2\repository\org\aspectj\aspectjweaver\1.6.0\aspectjweaver-1.6.0.jar;C:\Users\段浩伟\.m2\repository\org\aspectj\aspectjrt\1.6.0\aspectjrt-1.6.0.jar;C:\Users\段浩伟\.m2\repository\net\sf\ehcache\ehcache\1.4.1\ehcache-1.4.1.jar;C:\Users\段浩伟\.m2\repository\net\sf\jsr107cache\jsr107cache\1.0\jsr107cache-1.0.jar;C:\Users\段浩伟\.m2\repository\backport-util-concurrent\backport-util-concurrent\3.1\backport-util-concurrent-3.1.jar;C:\Users\段浩伟\.m2\repository\javax\mail\mail\1.4\mail-1.4.jar;C:\Users\段浩伟\.m2\repository\javax\activation\activation\1.1\activation-1.1.jar;C:\Users\段浩伟\.m2\repository\velocity\velocity\1.4\velocity-1.4.jar;C:\Users\段浩伟\.m2\repository\velocity\velocity-dep\1.4\velocity-dep-1.4.jar;C:\Users\段浩伟\.m2\repository\org\codehaus\xfire\xfire-java5\1.2.6\xfire-java5-1.2.6.jar;C:\Users\段浩伟\.m2\repository\org\codehaus\xfire\xfire-aegis\1.2.6\xfire-aegis-1.2.6.jar;C:\Users\段浩伟\.m2\repository\net\java\dev\stax-utils\stax-utils\20040917\stax-utils-20040917.jar;C:\Users\段浩伟\.m2\repository\org\codehaus\xfire\xfire-annotations\1.2.6\xfire-annotations-1.2.6.jar;C:\Users\段浩伟\.m2\repository\xfire\xfire-jsr181-api\1.0-M1\xfire-jsr181-api-1.0-M1.jar;C:\Users\段浩伟\.m2\repository\org\codehaus\xfire\xfire-core\1.2.6\xfire-core-1.2.6.jar;C:\Users\段浩伟\.m2\repository\wsdl4j\wsdl4j\1.6.1\wsdl4j-1.6.1.jar;C:\Users\段浩伟\.m2\repository\stax\stax-api\1.0.1\stax-api-1.0.1.jar;C:\Users\段浩伟\.m2\repository\commons-codec\commons-codec\1.3\commons-codec-1.3.jar;C:\Users\段浩伟\.m2\repository\org\codehaus\woodstox\wstx-asl\3.2.0\wstx-asl-3.2.0.jar;C:\Users\段浩伟\.m2\repository\jdom\jdom\1.0\jdom-1.0.jar;C:\Users\段浩伟\.m2\repository\commons-httpclient\commons-httpclient\3.0\commons-httpclient-3.0.jar;C:\Users\段浩伟\.m2\repository\org\codehaus\xfire\xfire-spring\1.2.6\xfire-spring-1.2.6.jar;C:\Users\段浩伟\.m2\repository\org\apache\xbean\xbean-spring\2.8\xbean-spring-2.8.jar;C:\Users\段浩伟\.m2\repository\org\codehaus\xfire\xfire-xmlbeans\1.2.6\xfire-xmlbeans-1.2.6.jar;C:\Users\段浩伟\.m2\repository\xmlbeans\xbean\2.2.0\xbean-2.2.0.jar;C:\Users\段浩伟\.m2\repository\org\springframework\spring-aop\2.5.4\spring-aop-2.5.4.jar;C:\Users\段浩伟\.m2\repository\aopalliance\aopalliance\1.0\aopalliance-1.0.jar;C:\Users\段浩伟\.m2\repository\org\springframework\spring-beans\2.5.4\spring-beans-2.5.4.jar;C:\Users\段浩伟\.m2\repository\org\springframework\spring-core\2.5.4\spring-core-2.5.4.jar;C:\Users\段浩伟\.m2\repository\org\springframework\spring-aspects\2.5.4\spring-aspects-2.5.4.jar;C:\Users\段浩伟\.m2\repository\org\springframework\spring-context-support\2.5.4\spring-context-support-2.5.4.jar;C:\Users\段浩伟\.m2\repository\org\springframework\spring-context\2.5.4\spring-context-2.5.4.jar;C:\Users\段浩伟\.m2\repository\commons-lang\commons-lang\2.3\commons-lang-2.3.jar;C:\Users\段浩伟\.m2\repository\org\springframework\security\spring-security-core-tiger\2.0.1\spring-security-core-tiger-2.0.1.jar;C:\Users\段浩伟\.m2\repository\org\springframework\security\spring-security-core\2.0.1\spring-security-core-2.0.1.jar;C:\Users\段浩伟\.m2\repository\log4j\log4j\1.2.13\log4j-1.2.13.jar;C:\Users\段浩伟\.m2\repository\org\appfuse\appfuse-hibernate\2.0.2\appfuse-hibernate-2.0.2.jar;C:\Users\段浩伟\.m2\repository\org\appfuse\appfuse-data-common\2.0.2\appfuse-data-common-2.0.2.jar;C:\Users\段浩伟\.m2\repository\javax\persistence\persistence-api\1.0\persistence-api-1.0.jar;C:\Users\段浩伟\.m2\repository\org\hibernate\hibernate\3.2.6.ga\hibernate-3.2.6.ga.jar;C:\Users\段浩伟\.m2\repository\javax\transaction\jta\1.0.1B\jta-1.0.1B.jar;C:\Users\段浩伟\.m2\repository\asm\asm-attrs\1.5.3\asm-attrs-1.5.3.jar;C:\Users\段浩伟\.m2\repository\dom4j\dom4j\1.6.1\dom4j-1.6.1.jar;C:\Users\段浩伟\.m2\repository\antlr\antlr\2.7.6\antlr-2.7.6.jar;C:\Users\段浩伟\.m2\repository\cglib\cglib\2.1_3\cglib-2.1_3.jar;C:\Users\段浩伟\.m2\repository\asm\asm\1.5.3\asm-1.5.3.jar;C:\Users\段浩伟\.m2\repository\org\hibernate\hibernate-annotations\3.3.0.ga\hibernate-annotations-3.3.0.ga.jar;C:\Users\段浩伟\.m2\repository\org\hibernate\hibernate-commons-annotations\3.3.0.ga\hibernate-commons-annotations-3.3.0.ga.jar;C:\Users\段浩伟\.m2\repository\commons-collections\commons-collections\3.2\commons-collections-3.2.jar;C:\Users\段浩伟\.m2\repository\commons-beanutils\commons-beanutils\1.7.0\commons-beanutils-1.7.0.jar;C:\Users\段浩伟\.m2\repository\org\springframework\spring-jdbc\2.5.4\spring-jdbc-2.5.4.jar;C:\Users\段浩伟\.m2\repository\org\springframework\spring-tx\2.5.4\spring-tx-2.5.4.jar;C:\Users\段浩伟\.m2\repository\org\springframework\spring-orm\2.5.4\spring-orm-2.5.4.jar;C:\Users\段浩伟\.m2\repository\mysql\mysql-connector-java\5.0.5\mysql-connector-java-5.0.5.jar;C:\Users\段浩伟\.m2\repository\org\jmock\jmock\2.4.0\jmock-2.4.0.jar;C:\Users\段浩伟\.m2\repository\org\hamcrest\hamcrest-core\1.1\hamcrest-core-1.1.jar;C:\Users\段浩伟\.m2\repository\org\hamcrest\hamcrest-library\1.1\hamcrest-library-1.1.jar;C:\Users\段浩伟\.m2\repository\org\jmock\jmock-junit4\2.4.0\jmock-junit4-2.4.0.jar;C:\Users\段浩伟\.m2\repository\junit\junit-dep\4.4\junit-dep-4.4.jar;C:\Users\段浩伟\.m2\repository\junit\junit\4.4\junit-4.4.jar;C:\Users\段浩伟\.m2\repository\org\springframework\spring-test\2.5.4\spring-test-2.5.4.jar;C:\Users\段浩伟\.m2\repository\commons-logging\commons-logging\1.1.1\commons-logging-1.1.1.jar;C:\Users\段浩伟\.m2\repository\org\subethamail\subethasmtp-wiser\1.2\subethasmtp-wiser-1.2.jar;C:\Users\段浩伟\.m2\repository\org\subethamail\subethasmtp-smtp\1.2\subethasmtp-smtp-1.2.jar;"/>
    <property name="java.vm.specification.version" value="1.0"/>
    <property name="sun.arch.data.model" value="32"/>
    <property name="java.home" value="C:\Program Files (x86)\Java\jdk1.6.0_03\jre"/>
    <property name="java.specification.vendor" value="Sun Microsystems Inc."/>
    <property name="user.language" value="zh"/>
    <property name="awt.toolkit" value="sun.awt.windows.WToolkit"/>
    <property name="java.vm.info" value="mixed mode, sharing"/>
    <property name="java.version" value="1.6.0_03"/>
    <property name="java.ext.dirs" value="C:\Program Files (x86)\Java\jdk1.6.0_03\jre\lib\ext;C:\Windows\Sun\Java\lib\ext"/>
    <property name="sun.boot.class.path" value="C:\Program Files (x86)\Java\jdk1.6.0_03\jre\lib\resources.jar;C:\Program Files (x86)\Java\jdk1.6.0_03\jre\lib\rt.jar;C:\Program Files (x86)\Java\jdk1.6.0_03\jre\lib\sunrsasign.jar;C:\Program Files (x86)\Java\jdk1.6.0_03\jre\lib\jsse.jar;C:\Program Files (x86)\Java\jdk1.6.0_03\jre\lib\jce.jar;C:\Program Files (x86)\Java\jdk1.6.0_03\jre\lib\charsets.jar;C:\Program Files (x86)\Java\jdk1.6.0_03\jre\classes"/>
    <property name="java.vendor" value="Sun Microsystems Inc."/>
    <property name="localRepository" value="C:\Users\段浩伟\.m2\repository"/>
    <property name="file.separator" value="\"/>
    <property name="java.vendor.url.bug" value="http://java.sun.com/cgi-bin/bugreport.cgi"/>
    <property name="sun.cpu.endian" value="little"/>
    <property name="sun.io.unicode.encoding" value="UnicodeLittle"/>
    <property name="sun.desktop" value="windows"/>
    <property name="sun.cpu.isalist" value="pentium_pro+mmx pentium_pro pentium+mmx pentium i486 i386 i86"/>
  </properties>
  <testcase time="0" classname="CoreTest" name="testGetHello"/>
</testsuite>